<?xml version="1.0" encoding="UTF-8"?>
<testng-results ignored="0" total="1" passed="1" failed="0" skipped="0">
  <reporter-output>
  </reporter-output>
  <suite started-at="2021-03-06T21:30:32 IST" name="Default suite" finished-at="2021-03-06T21:37:42 IST" duration-ms="429935">
    <groups>
    </groups>
    <test started-at="2021-03-06T21:30:32 IST" name="Default test" finished-at="2021-03-06T21:37:42 IST" duration-ms="429935">
      <class name="maven.Functions_AddToCart">
        <test-method is-config="true" signature="OpenWebBrowser()[pri:0, instance:maven.Functions_AddToCart@1d8bd0de]" started-at="2021-03-06T21:29:21 IST" name="OpenWebBrowser" finished-at="2021-03-06T21:30:32 IST" duration-ms="71191" status="PASS">
          <reporter-output>
          </reporter-output>
        </test-method> <!-- OpenWebBrowser -->
        <test-method signature="VerifyProductNavigation()[pri:0, instance:maven.Functions_AddToCart@1d8bd0de]" started-at="2021-03-06T21:30:32 IST" name="VerifyProductNavigation" finished-at="2021-03-06T21:37:42 IST" duration-ms="429792" status="PASS">
          <reporter-output>
          </reporter-output>
        </test-method> <!-- VerifyProductNavigation -->
        <test-method is-config="true" signature="CloseBrowser()[pri:0, instance:maven.Functions_AddToCart@1d8bd0de]" started-at="2021-03-06T21:37:43 IST" name="CloseBrowser" finished-at="2021-03-06T21:37:43 IST" duration-ms="695" status="PASS">
          <reporter-output>
          </reporter-output>
        </test-method> <!-- CloseBrowser -->
      </class> <!-- maven.Functions_AddToCart -->
    </test> <!-- Default test -->
  </suite> <!-- Default suite -->
</testng-results>
